The system is: Windows - 10.0.19045 - AMD64
Compiling the C compiler identification source file "CMakeCCompilerId.c" succeeded.
Compiler: C:/Program Files (x86)/Microsoft Visual Studio/2019/Community/VC/Tools/MSVC/14.28.29910/bin/Hostx64/x64/cl.exe 
Build flags: 
Id flags:  

The output was:
0
Compilador de optimización de C/C++ de Microsoft (R) versión 19.28.29913 para x64
(C) Microsoft Corporation. Todos los derechos reservados.

CMakeCCompilerId.c
Microsoft (R) Incremental Linker Version 14.28.29913.0
Copyright (C) Microsoft Corporation.  All rights reserved.

/out:CMakeCCompilerId.exe 
CMakeCCompilerId.obj 


Compilation of the C compiler identification source "CMakeCCompilerId.c" produced "CMakeCCompilerId.exe"

Compilation of the C compiler identification source "CMakeCCompilerId.c" produced "CMakeCCompilerId.obj"

The C compiler identification is MSVC, found in "C:/WGPU_PS/cmake-build-debug/CMakeFiles/3.24.2/CompilerIdC/CMakeCCompilerId.exe"

Compiling the CXX compiler identification source file "CMakeCXXCompilerId.cpp" succeeded.
Compiler: C:/Program Files (x86)/Microsoft Visual Studio/2019/Community/VC/Tools/MSVC/14.28.29910/bin/Hostx64/x64/cl.exe 
Build flags: 
Id flags:  

The output was:
0
Compilador de optimización de C/C++ de Microsoft (R) versión 19.28.29913 para x64
(C) Microsoft Corporation. Todos los derechos reservados.

CMakeCXXCompilerId.cpp
Microsoft (R) Incremental Linker Version 14.28.29913.0
Copyright (C) Microsoft Corporation.  All rights reserved.

/out:CMakeCXXCompilerId.exe 
CMakeCXXCompilerId.obj 


Compilation of the CXX compiler identification source "CMakeCXXCompilerId.cpp" produced "CMakeCXXCompilerId.exe"

Compilation of the CXX compiler identification source "CMakeCXXCompilerId.cpp" produced "CMakeCXXCompilerId.obj"

The CXX compiler identification is MSVC, found in "C:/WGPU_PS/cmake-build-debug/CMakeFiles/3.24.2/CompilerIdCXX/CMakeCXXCompilerId.exe"

Detecting C compiler ABI info compiled with the following output:
Change Dir: C:/WGPU_PS/cmake-build-debug/CMakeFiles/CMakeTmp

Run Build Command(s):C:/Users/Miguel/AppData/Local/JetBrains/Toolbox/apps/CLion/ch-0/223.8836.42/bin/ninja/win/x64/ninja.exe cmTC_4f7cc && [1/2] Building C object CMakeFiles\cmTC_4f7cc.dir\CMakeCCompilerABI.c.obj
Nota: inclusión del archivo: C:\Users\Miguel\AppData\Local\JetBrains\Toolbox\apps\CLion\ch-0\223.8836.42\bin\cmake\win\x64\share\cmake-3.24\Modules\CMakeCompilerABI.h
[2/2] Linking C executable cmTC_4f7cc.exe



Detecting CXX compiler ABI info compiled with the following output:
Change Dir: C:/WGPU_PS/cmake-build-debug/CMakeFiles/CMakeTmp

Run Build Command(s):C:/Users/Miguel/AppData/Local/JetBrains/Toolbox/apps/CLion/ch-0/223.8836.42/bin/ninja/win/x64/ninja.exe cmTC_64c20 && [1/2] Building CXX object CMakeFiles\cmTC_64c20.dir\CMakeCXXCompilerABI.cpp.obj
Nota: inclusión del archivo: C:\Users\Miguel\AppData\Local\JetBrains\Toolbox\apps\CLion\ch-0\223.8836.42\bin\cmake\win\x64\share\cmake-3.24\Modules\CMakeCompilerABI.h
[2/2] Linking CXX executable cmTC_64c20.exe



