Performing C SOURCE FILE Test CMAKE_HAVE_LIBC_PTHREAD failed with the following output:
Change Dir: C:/WGPU_PS/cmake-build-debug/CMakeFiles/CMakeTmp

Run Build Command(s):C:/Users/Miguel/AppData/Local/JetBrains/Toolbox/apps/CLion/ch-0/223.8836.42/bin/ninja/win/x64/ninja.exe cmTC_793b6 && [1/2] Building C object CMakeFiles\cmTC_793b6.dir\src.c.obj
FAILED: CMakeFiles/cmTC_793b6.dir/src.c.obj 
C:\PROGRA~2\MICROS~2\2019\COMMUN~1\VC\Tools\MSVC\1428~1.299\bin\Hostx64\x64\cl.exe  /nologo -DCMAKE_HAVE_LIBC_PTHREAD  /DWIN32 /D_WINDOWS  /Zi /Ob0 /Od /RTC1 -MDd /showIncludes /FoCMakeFiles\cmTC_793b6.dir\src.c.obj /FdCMakeFiles\cmTC_793b6.dir\ /FS -c C:\WGPU_PS\cmake-build-debug\CMakeFiles\CMakeTmp\src.c
C:\WGPU_PS\cmake-build-debug\CMakeFiles\CMakeTmp\src.c(1): fatal error C1083: No se puede abrir el archivo incluir: 'pthread.h': No such file or directory
ninja: build stopped: subcommand failed.


Source file was:
#include <pthread.h>

static void* test_func(void* data)
{
  return data;
}

int main(void)
{
  pthread_t thread;
  pthread_create(&thread, NULL, test_func, NULL);
  pthread_detach(thread);
  pthread_cancel(thread);
  pthread_join(thread, NULL);
  pthread_atfork(NULL, NULL, NULL);
  pthread_exit(NULL);

  return 0;
}

Determining if the function pthread_create exists in the pthreads failed with the following output:
Change Dir: C:/WGPU_PS/cmake-build-debug/CMakeFiles/CMakeTmp

Run Build Command(s):C:/Users/Miguel/AppData/Local/JetBrains/Toolbox/apps/CLion/ch-0/223.8836.42/bin/ninja/win/x64/ninja.exe cmTC_8ab93 && [1/2] Building C object CMakeFiles\cmTC_8ab93.dir\CheckFunctionExists.c.obj
[2/2] Linking C executable cmTC_8ab93.exe
FAILED: cmTC_8ab93.exe 
cmd.exe /C "cd . && C:\Users\Miguel\AppData\Local\JetBrains\Toolbox\apps\CLion\ch-0\223.8836.42\bin\cmake\win\x64\bin\cmake.exe -E vs_link_exe --intdir=CMakeFiles\cmTC_8ab93.dir --rc=C:\PROGRA~2\WI3CF2~1\10\bin\100190~1.0\x64\rc.exe --mt=C:\PROGRA~2\WI3CF2~1\10\bin\100190~1.0\x64\mt.exe --manifests  -- C:\PROGRA~2\MICROS~2\2019\COMMUN~1\VC\Tools\MSVC\1428~1.299\bin\Hostx64\x64\link.exe /nologo CMakeFiles\cmTC_8ab93.dir\CheckFunctionExists.c.obj  /out:cmTC_8ab93.exe /implib:cmTC_8ab93.lib /pdb:cmTC_8ab93.pdb /version:0.0 /machine:x64  /debug /INCREMENTAL /subsystem:console  pthreads.lib  kernel32.lib user32.lib gdi32.lib winspool.lib shell32.lib ole32.lib oleaut32.lib uuid.lib comdlg32.lib advapi32.lib && cd ."
LINK Pass 1: command "C:\PROGRA~2\MICROS~2\2019\COMMUN~1\VC\Tools\MSVC\1428~1.299\bin\Hostx64\x64\link.exe /nologo CMakeFiles\cmTC_8ab93.dir\CheckFunctionExists.c.obj /out:cmTC_8ab93.exe /implib:cmTC_8ab93.lib /pdb:cmTC_8ab93.pdb /version:0.0 /machine:x64 /debug /INCREMENTAL /subsystem:console pthreads.lib kernel32.lib user32.lib gdi32.lib winspool.lib shell32.lib ole32.lib oleaut32.lib uuid.lib comdlg32.lib advapi32.lib /MANIFEST /MANIFESTFILE:CMakeFiles\cmTC_8ab93.dir/intermediate.manifest CMakeFiles\cmTC_8ab93.dir/manifest.res" failed (exit code 1104) with the following output:
LINK : fatal error LNK1104: no se puede abrir el archivo 'pthreads.lib'
ninja: build stopped: subcommand failed.



Determining if the function pthread_create exists in the pthread failed with the following output:
Change Dir: C:/WGPU_PS/cmake-build-debug/CMakeFiles/CMakeTmp

Run Build Command(s):C:/Users/Miguel/AppData/Local/JetBrains/Toolbox/apps/CLion/ch-0/223.8836.42/bin/ninja/win/x64/ninja.exe cmTC_47cda && [1/2] Building C object CMakeFiles\cmTC_47cda.dir\CheckFunctionExists.c.obj
[2/2] Linking C executable cmTC_47cda.exe
FAILED: cmTC_47cda.exe 
cmd.exe /C "cd . && C:\Users\Miguel\AppData\Local\JetBrains\Toolbox\apps\CLion\ch-0\223.8836.42\bin\cmake\win\x64\bin\cmake.exe -E vs_link_exe --intdir=CMakeFiles\cmTC_47cda.dir --rc=C:\PROGRA~2\WI3CF2~1\10\bin\100190~1.0\x64\rc.exe --mt=C:\PROGRA~2\WI3CF2~1\10\bin\100190~1.0\x64\mt.exe --manifests  -- C:\PROGRA~2\MICROS~2\2019\COMMUN~1\VC\Tools\MSVC\1428~1.299\bin\Hostx64\x64\link.exe /nologo CMakeFiles\cmTC_47cda.dir\CheckFunctionExists.c.obj  /out:cmTC_47cda.exe /implib:cmTC_47cda.lib /pdb:cmTC_47cda.pdb /version:0.0 /machine:x64  /debug /INCREMENTAL /subsystem:console  pthread.lib  kernel32.lib user32.lib gdi32.lib winspool.lib shell32.lib ole32.lib oleaut32.lib uuid.lib comdlg32.lib advapi32.lib && cd ."
LINK Pass 1: command "C:\PROGRA~2\MICROS~2\2019\COMMUN~1\VC\Tools\MSVC\1428~1.299\bin\Hostx64\x64\link.exe /nologo CMakeFiles\cmTC_47cda.dir\CheckFunctionExists.c.obj /out:cmTC_47cda.exe /implib:cmTC_47cda.lib /pdb:cmTC_47cda.pdb /version:0.0 /machine:x64 /debug /INCREMENTAL /subsystem:console pthread.lib kernel32.lib user32.lib gdi32.lib winspool.lib shell32.lib ole32.lib oleaut32.lib uuid.lib comdlg32.lib advapi32.lib /MANIFEST /MANIFESTFILE:CMakeFiles\cmTC_47cda.dir/intermediate.manifest CMakeFiles\cmTC_47cda.dir/manifest.res" failed (exit code 1104) with the following output:
LINK : fatal error LNK1104: no se puede abrir el archivo 'pthread.lib'
ninja: build stopped: subcommand failed.



